#
# A fatal error has been detected by the Java Runtime Environment:
#
#  SIGSEGV (0xb) at pc=0x000000012713433b, pid=36045, tid=0x000000000000e207
#
# JRE version: Java(TM) SE Runtime Environment (8.0_112-b16) (build 1.8.0_112-b16)
# Java VM: Java HotSpot(TM) 64-Bit Server VM (25.112-b16 mixed mode bsd-amd64 compressed oops)
# Problematic frame:
# C  [libawt_lwawt.dylib+0x1c33b]  OGLSD_SetScratchSurface+0x49
#
# Failed to write core dump. Core dumps have been disabled. To enable core dumping, try "ulimit -c unlimited" before starting Java again
#
# If you would like to submit a bug report, please visit:
#   http://bugreport.java.com/bugreport/crash.jsp
# The crash happened outside the Java Virtual Machine in native code.
# See problematic frame for where to report the bug.
#

---------------  T H R E A D  ---------------

Current thread (0x00007f8af2485800):  JavaThread "Java2D Queue Flusher" daemon [_thread_in_native, id=57863, stack(0x000070000c529000,0x000070000c629000)]

siginfo: si_signo: 11 (SIGSEGV), si_code: 1 (SEGV_MAPERR), si_addr: 0x0000000000000002

Registers:
RAX=0x00000000ffffffff, RBX=0x0000000000000002, RCX=0x0000000000000047, RDX=0x00000001271554f0
RSP=0x000070000c628810, RBP=0x000070000c628830, RSI=0x00007f8af891b990, RDI=0x00007f8af24859f8
R8 =0x0000000000000001, R9 =0x00000000e86dee24, R10=0x0000000113ddc838, R11=0x0000000000000020
R12=0x0000000000000000, R13=0x00000007436f71e0, R14=0x00007f8af24859f8, R15=0x00007f8af2485800
RIP=0x000000012713433b, EFLAGS=0x0000000000010202, ERR=0x0000000000000004
  TRAPNO=0x000000000000000e

Top of Stack: (sp=0x000070000c628810)
0x000070000c628810:   00007f8af891b990 0000000000000000
0x000070000c628820:   00007f8af9c53210 00007f8af2485800
0x000070000c628830:   000070000c6288b0 0000000127154fce
0x000070000c628840:   0000000000000064 00007f8af8e36208
0x000070000c628850:   000070000c6288b0 000000010af4f690
0x000070000c628860:   0000000000000005 00007f8af2485800
0x000070000c628870:   00000007436f7101 00007f8af9c53220
0x000070000c628880:   0000700000628800 00007f8af24859f8
0x000070000c628890:   0000000000000000 0000000000000000
0x000070000c6288a0:   000070000c628908 00007f8af2485800
0x000070000c6288b0:   000070000c628900 0000000113ddc8aa
0x000070000c6288c0:   00000007436f7108 000070000c628908
0x000070000c6288d0:   000000012bb98560 0000000000000000
0x000070000c6288e0:   000000012bb984f0 0000000000000000
0x000070000c6288f0:   000070000c628910 00000000e86dee21
0x000070000c628900:   00000000e86dee21 0000000115a84cdc
0x000070000c628910:   00000007436f7108 00000007436f71e0
0x000070000c628920:   0000000100000000 00000007436f71e0
0x000070000c628930:   000070000c628960 000070000c6289d0
0x000070000c628940:   0000000000000001 0000000000000000
0x000070000c628950:   000070000c6289d0 00000001102347a7
0x000070000c628960:   00000007436f71e0 00000007436f71e0
0x000070000c628970:   0000700000001fa0 000000000000000a
0x000070000c628980:   00007f8af2485800 0000000000000001
0x000070000c628990:   000000011023471f 000000012a21c518
0x000070000c6289a0:   000070000c628a68 000070000c628d00
0x000070000c6289b0:   000000010000000a 000000012a21c518
0x000070000c6289c0:   0000000110247120 000070000c628c70
0x000070000c6289d0:   000070000c628b80 000000010aeedbd2
0x000070000c6289e0:   0000700000000001 00007f8af2485800
0x000070000c6289f0:   00007f8af2485800 000070000c628d00
0x000070000c628a00:   00007f8af8e36200 0000000110247120 

Instructions: (pc=0x000000012713433b)
0x000000012713431b:   c0 e9 82 00 00 00 48 8b 5e 10 48 85 db 75 0e bf
0x000000012713432b:   01 00 00 00 48 8d 15 14 7f 03 00 eb d6 49 89 fe
0x000000012713433b:   4c 8b 3b 30 c0 e8 dd a9 02 00 49 8b 3f 49 89 c4
0x000000012713434b:   48 8b 35 0e 04 06 00 30 c0 e8 2b ab 02 00 48 85 

Register to memory mapping:

RAX=0x00000000ffffffff is an unknown value
RBX=0x0000000000000002 is an unknown value
RCX=0x0000000000000047 is an unknown value
RDX=0x00000001271554f0: Java_sun_java2d_opengl_OGLRenderQueue_flushBuffer+0xb5c in /Library/Java/JavaVirtualMachines/jdk1.8.0_112.jdk/Contents/Home/jre/lib/libawt_lwawt.dylib at 0x0000000127118000
RSP=0x000070000c628810 is pointing into the stack for thread: 0x00007f8af2485800
RBP=0x000070000c628830 is pointing into the stack for thread: 0x00007f8af2485800
RSI=0x00007f8af891b990 is an unknown value
RDI=0x00007f8af24859f8 is an unknown value
R8 =0x0000000000000001 is an unknown value
R9 =0x00000000e86dee24 is an unknown value
R10=0x0000000113ddc838 is at entry_point+56 in (nmethod*)0x0000000113ddc690
R11=0x0000000000000020 is an unknown value
R12=0x0000000000000000 is an unknown value
R13=0x00000007436f71e0 is an oop
sun.java2d.opengl.OGLRenderQueue$QueueFlusher 
 - klass: 'sun/java2d/opengl/OGLRenderQueue$QueueFlusher'
R14=0x00007f8af24859f8 is an unknown value
R15=0x00007f8af2485800 is a thread


Stack: [0x000070000c529000,0x000070000c629000],  sp=0x000070000c628810,  free space=1022k
Native frames: (J=compiled Java code, j=interpreted, Vv=VM code, C=native code)
C  [libawt_lwawt.dylib+0x1c33b]  OGLSD_SetScratchSurface+0x49
C  [libawt_lwawt.dylib+0x3cfce]  Java_sun_java2d_opengl_OGLRenderQueue_flushBuffer+0x63a
J 24245  sun.java2d.opengl.OGLRenderQueue.flushBuffer(JI)V (0 bytes) @ 0x0000000113ddc8aa [0x0000000113ddc800+0xaa]
J 34143% C2 sun.java2d.opengl.OGLRenderQueue$QueueFlusher.run()V (234 bytes) @ 0x0000000115a84cdc [0x0000000115a84a60+0x27c]
v  ~StubRoutines::call_stub
V  [libjvm.dylib+0x2edbd2]  JavaCalls::call_helper(JavaValue*, methodHandle*, JavaCallArguments*, Thread*)+0x6ae
V  [libjvm.dylib+0x2ee360]  JavaCalls::call_virtual(JavaValue*, KlassHandle, Symbol*, Symbol*, JavaCallArguments*, Thread*)+0x164
V  [libjvm.dylib+0x2ee50c]  JavaCalls::call_virtual(JavaValue*, Handle, KlassHandle, Symbol*, Symbol*, Thread*)+0x4a
V  [libjvm.dylib+0x348c59]  thread_entry(JavaThread*, Thread*)+0x7c
V  [libjvm.dylib+0x56b033]  JavaThread::thread_main_inner()+0x9b
V  [libjvm.dylib+0x56c720]  JavaThread::run()+0x1c2
V  [libjvm.dylib+0x48a7ae]  java_start(Thread*)+0xf6
C  [libsystem_pthread.dylib+0x3661]  _pthread_body+0x154
C  [libsystem_pthread.dylib+0x350d]  _pthread_body+0x0
C  [libsystem_pthread.dylib+0x2bf9]  thread_start+0xd
C  0x0000000000000000

Java frames: (J=compiled Java code, j=interpreted, Vv=VM code)
J 24245  sun.java2d.opengl.OGLRenderQueue.flushBuffer(JI)V (0 bytes) @ 0x0000000113ddc838 [0x0000000113ddc800+0x38]
J 34143% C2 sun.java2d.opengl.OGLRenderQueue$QueueFlusher.run()V (234 bytes) @ 0x0000000115a84cdc [0x0000000115a84a60+0x27c]
v  ~StubRoutines::call_stub

---------------  P R O C E S S  ---------------

Java Threads: ( => current thread )
  0x00007f8af71ee000 JavaThread "AWT-Shutdown" [_thread_blocked, id=4075, stack(0x000070000c9b8000,0x000070000cab8000)]
  0x00007f8af2d6f000 JavaThread "pool-122-thread-4" [_thread_blocked, id=87611, stack(0x000070000aee7000,0x000070000afe7000)]
  0x00007f8af45bb000 JavaThread "pool-122-thread-3" [_thread_blocked, id=45911, stack(0x000070000c8b5000,0x000070000c9b5000)]
  0x00007f8af2fe0000 JavaThread "pool-122-thread-2" [_thread_blocked, id=65319, stack(0x000070000ad61000,0x000070000ae61000)]
  0x00007f8af72a0000 JavaThread "process reaper" daemon [_thread_blocked, id=53179, stack(0x0000700009393000,0x00007000093bb000)]
  0x00007f8af2a7f000 JavaThread "pool-122-thread-1" [_thread_blocked, id=79699, stack(0x000070000ac5e000,0x000070000ad5e000)]
  0x00007f8af9f28800 JavaThread "Cache update executor" [_thread_blocked, id=58203, stack(0x000070000c426000,0x000070000c526000)]
  0x00007f8af7f92800 JavaThread "Stdin handler" [_thread_blocked, id=85579, stack(0x000070000ab5b000,0x000070000ac5b000)]
  0x00007f8af6aa2800 JavaThread "Asynchronous log dispatcher for DefaultDaemonConnection: socket connection from /127.0.0.1:60193 to /127.0.0.1:55531" [_thread_blocked, id=87383, stack(0x000070000a8aa000,0x000070000a9aa000)]
  0x00007f8af6aa4000 JavaThread "Daemon worker Thread 14" [_thread_in_native, id=16687, stack(0x000070000a7a7000,0x000070000a8a7000)]
  0x00007f8af7c3e800 JavaThread "Cancel handler" [_thread_blocked, id=62523, stack(0x000070000a6a4000,0x000070000a7a4000)]
  0x00007f8af5112000 JavaThread "Handler for socket connection from /127.0.0.1:60193 to /127.0.0.1:55531" [_thread_in_native, id=23471, stack(0x000070000a5a1000,0x000070000a6a1000)]
  0x00007f8af51ab800 JavaThread "Daemon Thread 14" [_thread_blocked, id=62755, stack(0x000070000a41b000,0x000070000a51b000)]
  0x00007f8af4b7e800 JavaThread "TimerQueue" daemon [_thread_blocked, id=130063, stack(0x000070000c7b2000,0x000070000c8b2000)]
  0x00007f8af4c85000 JavaThread "Java2D Disposer" daemon [_thread_blocked, id=58907, stack(0x000070000c62c000,0x000070000c72c000)]
=>0x00007f8af2485800 JavaThread "Java2D Queue Flusher" daemon [_thread_in_native, id=57863, stack(0x000070000c529000,0x000070000c629000)]
  0x00007f8af4c98000 JavaThread "AppKit Thread" daemon [_thread_in_native, id=775, stack(0x00007ffee5096000,0x00007ffee5896000)]
  0x00007f8af55bf000 JavaThread "pool-6-thread-4" [_thread_blocked, id=33815, stack(0x000070000c2a0000,0x000070000c3a0000)]
  0x00007f8af5269000 JavaThread "pool-6-thread-3" [_thread_blocked, id=28699, stack(0x000070000c19d000,0x000070000c29d000)]
  0x00007f8af59b9800 JavaThread "pool-6-thread-2" [_thread_blocked, id=28939, stack(0x000070000c09a000,0x000070000c19a000)]
  0x00007f8af26f5000 JavaThread "pool-6-thread-1" [_thread_blocked, id=27915, stack(0x000070000bf97000,0x000070000c097000)]
  0x00007f8af5819000 JavaThread "stdout" daemon [_thread_in_native, id=35331, stack(0x000070000be94000,0x000070000bf94000)]
  0x00007f8af5818800 JavaThread "stderr" daemon [_thread_in_native, id=27395, stack(0x000070000bd91000,0x000070000be91000)]
  0x00007f8af5f34000 JavaThread "stdout" daemon [_thread_in_native, id=35843, stack(0x000070000bc8e000,0x000070000bd8e000)]
  0x00007f8af5f33000 JavaThread "stdout" daemon [_thread_in_native, id=36355, stack(0x000070000bb8b000,0x000070000bc8b000)]
  0x00007f8af7348000 JavaThread "stderr" daemon [_thread_in_native, id=36867, stack(0x000070000ba88000,0x000070000bb88000)]
  0x00007f8af8408800 JavaThread "stdout" daemon [_thread_in_native, id=37379, stack(0x000070000b985000,0x000070000ba85000)]
  0x00007f8af7b70000 JavaThread "stderr" daemon [_thread_in_native, id=26883, stack(0x000070000b882000,0x000070000b982000)]
  0x00007f8af7b6f000 JavaThread "stderr" daemon [_thread_in_native, id=26371, stack(0x000070000b77f000,0x000070000b87f000)]
  0x00007f8af5f32800 JavaThread "stdout" daemon [_thread_in_native, id=25859, stack(0x000070000b67c000,0x000070000b77c000)]
  0x00007f8af5f31800 JavaThread "stderr" daemon [_thread_in_native, id=37891, stack(0x000070000b579000,0x000070000b679000)]
  0x00007f8af5824800 JavaThread "process reaper" daemon [_thread_in_native, id=38403, stack(0x0000700009368000,0x0000700009390000)]
  0x00007f8af36be000 JavaThread "process reaper" daemon [_thread_in_native, id=38915, stack(0x00007000092b8000,0x00007000092e0000)]
  0x00007f8af5641800 JavaThread "process reaper" daemon [_thread_in_native, id=39427, stack(0x000070000928d000,0x00007000092b5000)]
  0x00007f8af36bd800 JavaThread "process reaper" daemon [_thread_in_native, id=39683, stack(0x0000700009262000,0x000070000928a000)]
  0x00007f8af24ea800 JavaThread "png-cruncher_5" daemon [_thread_blocked, id=24835, stack(0x000070000b476000,0x000070000b576000)]
  0x00007f8af7c45000 JavaThread "png-cruncher_4" daemon [_thread_blocked, id=40195, stack(0x000070000b373000,0x000070000b473000)]
  0x00007f8af7c44000 JavaThread "png-cruncher_3" daemon [_thread_blocked, id=24323, stack(0x000070000b270000,0x000070000b370000)]
  0x00007f8af7352000 JavaThread "png-cruncher_2" daemon [_thread_blocked, id=40451, stack(0x000070000b16d000,0x000070000b26d000)]
  0x00007f8af3596800 JavaThread "png-cruncher_1" daemon [_thread_blocked, id=23811, stack(0x000070000b06a000,0x000070000b16a000)]
  0x00007f8af54f8800 JavaThread "File lock request listener" [_thread_in_native, id=22535, stack(0x000070000aa2d000,0x000070000ab2d000)]
  0x00007f8af3ac9800 JavaThread "process reaper" daemon [_thread_in_native, id=41987, stack(0x000070000ab30000,0x000070000ab58000)]
  0x00007f8af3428000 JavaThread "Incoming local TCP Connector on port 60193" [_thread_in_native, id=17155, stack(0x000070000a318000,0x000070000a418000)]
  0x00007f8af2398000 JavaThread "pool-1-thread-1" [_thread_blocked, id=17411, stack(0x000070000a215000,0x000070000a315000)]
  0x00007f8af3055800 JavaThread "Service Thread" daemon [_thread_blocked, id=14595, stack(0x000070000a00f000,0x000070000a10f000)]
  0x00007f8af3030000 JavaThread "C1 CompilerThread2" daemon [_thread_blocked, id=14083, stack(0x0000700009f0c000,0x000070000a00c000)]
  0x00007f8af302f800 JavaThread "C2 CompilerThread1" daemon [_thread_blocked, id=13827, stack(0x0000700009e09000,0x0000700009f09000)]
  0x00007f8af3017800 JavaThread "C2 CompilerThread0" daemon [_thread_blocked, id=13315, stack(0x0000700009d06000,0x0000700009e06000)]
  0x00007f8af281f000 JavaThread "Signal Dispatcher" daemon [_thread_blocked, id=13059, stack(0x0000700009c03000,0x0000700009d03000)]
  0x00007f8af300f000 JavaThread "Finalizer" daemon [_thread_blocked, id=20227, stack(0x0000700009b00000,0x0000700009c00000)]
  0x00007f8af2800800 JavaThread "Reference Handler" daemon [_thread_blocked, id=11523, stack(0x00007000099fd000,0x0000700009afd000)]
  0x00007f8af2801800 JavaThread "main" [_thread_blocked, id=9987, stack(0x00007000093eb000,0x00007000094eb000)]

Other Threads:
  0x00007f8af3007000 VMThread [stack: 0x00007000098fa000,0x00007000099fa000] [id=20995]
  0x00007f8af3802800 WatcherThread [stack: 0x000070000a112000,0x000070000a212000] [id=17667]

VM state:not at safepoint (normal execution)

VM Mutex/Monitor currently owned by a thread: None

Heap:
 PSYoungGen      total 630784K, used 47456K [0x0000000795580000, 0x00000007c0000000, 0x00000007c0000000)
  eden space 560640K, 8% used [0x0000000795580000,0x00000007983d8018,0x00000007b7900000)
  from space 70144K, 0% used [0x00000007bbb80000,0x00000007bbb80000,0x00000007c0000000)
  to   space 68096K, 0% used [0x00000007b7900000,0x00000007b7900000,0x00000007bbb80000)
 ParOldGen       total 299520K, used 153583K [0x0000000740000000, 0x0000000752480000, 0x0000000795580000)
  object space 299520K, 51% used [0x0000000740000000,0x00000007495fbf08,0x0000000752480000)
 Metaspace       used 97540K, capacity 101809K, committed 102056K, reserved 1138688K
  class space    used 11889K, capacity 12699K, committed 12712K, reserved 1048576K

Card table byte_map: [0x000000010bfa2000,0x000000010c3a3000] byte_map_base: 0x00000001085a2000

Marking Bits: (ParMarkBitMap*) 0x000000010b4f0d30
 Begin Bits: [0x000000011f234000, 0x0000000121234000)
 End Bits:   [0x0000000121234000, 0x0000000123234000)

Polling page: 0x000000010a3ea000

CodeCache: size=245760Kb used=92174Kb max_used=92778Kb free=153585Kb
 bounds [0x0000000110234000, 0x0000000115d74000, 0x000000011f234000]
 total_blobs=24966 nmethods=23964 adapters=911
 compilation: enabled

Compilation events (10 events):
Event: 34526.641 Thread 0x00007f8af3030000 35301       3       java.math.BigInteger::remainder (38 bytes)
Event: 34526.642 Thread 0x00007f8af3030000 nmethod 35301 0x0000000112f545d0 code [0x0000000112f54760, 0x0000000112f54a38]
Event: 34526.642 Thread 0x00007f8af3017800 35304       4       org.bouncycastle.asn1.DERObjectIdentifier::encodedLength (15 bytes)
Event: 34526.652 Thread 0x00007f8af3017800 nmethod 35304 0x0000000114bf9090 code [0x0000000114bf9200, 0x0000000114bf96b8]
Event: 34526.655 Thread 0x00007f8af3030000 35303       3       org.bouncycastle.asn1.ASN1OutputStream::writeObject (28 bytes)
Event: 34526.655 Thread 0x00007f8af3030000 nmethod 35303 0x00000001142f33d0 code [0x00000001142f3560, 0x00000001142f3948]
Event: 34526.667 Thread 0x00007f8af3030000 35302       3       java.math.BigInteger::remainderKnuth (48 bytes)
Event: 34526.667 Thread 0x00007f8af3030000 nmethod 35302 0x0000000112d4bad0 code [0x0000000112d4bcc0, 0x0000000112d4c628]
Event: 34526.868 Thread 0x00007f8af302f800 35305 %     4       com.android.builder.internal.packaging.zip.ZFile::update @ 331 (633 bytes)
Event: 34527.007 Thread 0x00007f8af302f800 nmethod 35305% 0x000000011435ae10 code [0x000000011435b140, 0x000000011435c3c8]

GC Heap History (10 events):
Event: 34522.970 GC heap before
{Heap before GC invocations=150 (full 9):
 PSYoungGen      total 627712K, used 564953K [0x0000000795580000, 0x00000007c0000000, 0x00000007c0000000)
  eden space 560128K, 100% used [0x0000000795580000,0x00000007b7880000,0x00000007b7880000)
  from space 67584K, 7% used [0x00000007bb780000,0x00000007bbc364c8,0x00000007bf980000)
  to   space 64512K, 0% used [0x00000007b7880000,0x00000007b7880000,0x00000007bb780000)
 ParOldGen       total 299520K, used 248035K [0x0000000740000000, 0x0000000752480000, 0x0000000795580000)
  object space 299520K, 82% used [0x0000000740000000,0x000000074f238d18,0x0000000752480000)
 Metaspace       used 97540K, capacity 101827K, committed 102056K, reserved 1138688K
  class space    used 11891K, capacity 12702K, committed 12712K, reserved 1048576K
Event: 34522.992 GC heap after
Heap after GC invocations=150 (full 9):
 PSYoungGen      total 624640K, used 2715K [0x0000000795580000, 0x00000007bf800000, 0x00000007c0000000)
  eden space 560128K, 0% used [0x0000000795580000,0x0000000795580000,0x00000007b7880000)
  from space 64512K, 4% used [0x00000007b7880000,0x00000007b7b26f68,0x00000007bb780000)
  to   space 61952K, 0% used [0x00000007bbb80000,0x00000007bbb80000,0x00000007bf800000)
 ParOldGen       total 299520K, used 248843K [0x0000000740000000, 0x0000000752480000, 0x0000000795580000)
  object space 299520K, 83% used [0x0000000740000000,0x000000074f302e90,0x0000000752480000)
 Metaspace       used 97540K, capacity 101827K, committed 102056K, reserved 1138688K
  class space    used 11891K, capacity 12702K, committed 12712K, reserved 1048576K
}
Event: 34524.877 GC heap before
{Heap before GC invocations=151 (full 9):
 PSYoungGen      total 624640K, used 562843K [0x0000000795580000, 0x00000007bf800000, 0x00000007c0000000)
  eden space 560128K, 100% used [0x0000000795580000,0x00000007b7880000,0x00000007b7880000)
  from space 64512K, 4% used [0x00000007b7880000,0x00000007b7b26f68,0x00000007bb780000)
  to   space 61952K, 0% used [0x00000007bbb80000,0x00000007bbb80000,0x00000007bf800000)
 ParOldGen       total 299520K, used 248843K [0x0000000740000000, 0x0000000752480000, 0x0000000795580000)
  object space 299520K, 83% used [0x0000000740000000,0x000000074f302e90,0x0000000752480000)
 Metaspace       used 97548K, capacity 101827K, committed 102056K, reserved 1138688K
  class space    used 11891K, capacity 12702K, committed 12712K, reserved 1048576K
Event: 34524.886 GC heap after
Heap after GC invocations=151 (full 9):
 PSYoungGen      total 631296K, used 3230K [0x0000000795580000, 0x00000007bf780000, 0x00000007c0000000)
  eden space 569856K, 0% used [0x0000000795580000,0x0000000795580000,0x00000007b8200000)
  from space 61440K, 5% used [0x00000007bbb80000,0x00000007bbea7980,0x00000007bf780000)
  to   space 58880K, 0% used [0x00000007b8200000,0x00000007b8200000,0x00000007bbb80000)
 ParOldGen       total 299520K, used 248939K [0x0000000740000000, 0x0000000752480000, 0x0000000795580000)
  object space 299520K, 83% used [0x0000000740000000,0x000000074f31aea0,0x0000000752480000)
 Metaspace       used 97548K, capacity 101827K, committed 102056K, reserved 1138688K
  class space    used 11891K, capacity 12702K, committed 12712K, reserved 1048576K
}
Event: 34526.921 GC heap before
{Heap before GC invocations=152 (full 9):
 PSYoungGen      total 631296K, used 572800K [0x0000000795580000, 0x00000007bf780000, 0x00000007c0000000)
  eden space 569856K, 99% used [0x0000000795580000,0x00000007b81b8718,0x00000007b8200000)
  from space 61440K, 5% used [0x00000007bbb80000,0x00000007bbea7980,0x00000007bf780000)
  to   space 58880K, 0% used [0x00000007b8200000,0x00000007b8200000,0x00000007bbb80000)
 ParOldGen       total 299520K, used 248939K [0x0000000740000000, 0x0000000752480000, 0x0000000795580000)
  object space 299520K, 83% used [0x0000000740000000,0x000000074f31aea0,0x0000000752480000)
 Metaspace       used 97551K, capacity 101827K, committed 102056K, reserved 1138688K
  class space    used 11891K, capacity 12702K, committed 12712K, reserved 1048576K
Event: 34527.003 GC heap after
Heap after GC invocations=152 (full 9):
 PSYoungGen      total 628736K, used 56214K [0x0000000795580000, 0x00000007c0000000, 0x00000007c0000000)
  eden space 569856K, 0% used [0x0000000795580000,0x0000000795580000,0x00000007b8200000)
  from space 58880K, 95% used [0x00000007b8200000,0x00000007bb8e5808,0x00000007bbb80000)
  to   space 70144K, 0% used [0x00000007bbb80000,0x00000007bbb80000,0x00000007c0000000)
 ParOldGen       total 299520K, used 251075K [0x0000000740000000, 0x0000000752480000, 0x0000000795580000)
  object space 299520K, 83% used [0x0000000740000000,0x000000074f530ee0,0x0000000752480000)
 Metaspace       used 97551K, capacity 101827K, committed 102056K, reserved 1138688K
  class space    used 11891K, capacity 12702K, committed 12712K, reserved 1048576K
}
Event: 34527.099 GC heap before
{Heap before GC invocations=153 (full 9):
 PSYoungGen      total 628736K, used 625806K [0x0000000795580000, 0x00000007c0000000, 0x00000007c0000000)
  eden space 569856K, 99% used [0x0000000795580000,0x00000007b81be1f8,0x00000007b8200000)
  from space 58880K, 95% used [0x00000007b8200000,0x00000007bb8e5808,0x00000007bbb80000)
  to   space 70144K, 0% used [0x00000007bbb80000,0x00000007bbb80000,0x00000007c0000000)
 ParOldGen       total 299520K, used 251075K [0x0000000740000000, 0x0000000752480000, 0x0000000795580000)
  object space 299520K, 83% used [0x0000000740000000,0x000000074f530ee0,0x0000000752480000)
 Metaspace       used 97551K, capacity 101827K, committed 102056K, reserved 1138688K
  class space    used 11891K, capacity 12702K, committed 12712K, reserved 1048576K
Event: 34527.660 GC heap after
Heap after GC invocations=153 (full 9):
 PSYoungGen      total 630784K, used 128K [0x0000000795580000, 0x00000007c0000000, 0x00000007c0000000)
  eden space 560640K, 0% used [0x0000000795580000,0x0000000795580000,0x00000007b7900000)
  from space 70144K, 0% used [0x00000007bbb80000,0x00000007bbba0000,0x00000007c0000000)
  to   space 68096K, 0% used [0x00000007b7900000,0x00000007b7900000,0x00000007bbb80000)
 ParOldGen       total 299520K, used 288162K [0x0000000740000000, 0x0000000752480000, 0x0000000795580000)
  object space 299520K, 96% used [0x0000000740000000,0x0000000751968a48,0x0000000752480000)
 Metaspace       used 97551K, capacity 101827K, committed 102056K, reserved 1138688K
  class space    used 11891K, capacity 12702K, committed 12712K, reserved 1048576K
}
Event: 34527.660 GC heap before
{Heap before GC invocations=154 (full 10):
 PSYoungGen      total 630784K, used 128K [0x0000000795580000, 0x00000007c0000000, 0x00000007c0000000)
  eden space 560640K, 0% used [0x0000000795580000,0x0000000795580000,0x00000007b7900000)
  from space 70144K, 0% used [0x00000007bbb80000,0x00000007bbba0000,0x00000007c0000000)
  to   space 68096K, 0% used [0x00000007b7900000,0x00000007b7900000,0x00000007bbb80000)
 ParOldGen       total 299520K, used 288162K [0x0000000740000000, 0x0000000752480000, 0x0000000795580000)
  object space 299520K, 96% used [0x0000000740000000,0x0000000751968a48,0x0000000752480000)
 Metaspace       used 97551K, capacity 101827K, committed 102056K, reserved 1138688K
  class space    used 11891K, capacity 12702K, committed 12712K, reserved 1048576K
Event: 34529.555 GC heap after
Heap after GC invocations=154 (full 10):
 PSYoungGen      total 630784K, used 0K [0x0000000795580000, 0x00000007c0000000, 0x00000007c0000000)
  eden space 560640K, 0% used [0x0000000795580000,0x0000000795580000,0x00000007b7900000)
  from space 70144K, 0% used [0x00000007bbb80000,0x00000007bbb80000,0x00000007c0000000)
  to   space 68096K, 0% used [0x00000007b7900000,0x00000007b7900000,0x00000007bbb80000)
 ParOldGen       total 299520K, used 153583K [0x0000000740000000, 0x0000000752480000, 0x0000000795580000)
  object space 299520K, 51% used [0x0000000740000000,0x00000007495fbf08,0x0000000752480000)
 Metaspace       used 97540K, capacity 101809K, committed 102056K, reserved 1138688K
  class space    used 11889K, capacity 12699K, committed 12712K, reserved 1048576K
}

Deoptimization events (10 events):
Event: 34392.509 Thread 0x00007f8af6aa4000 Uncommon trap: reason=bimorphic action=maybe_recompile pc=0x0000000113158fa0 method=java.util.Collections$UnmodifiableCollection.contains(Ljava/lang/Object;)Z @ 5
Event: 34392.855 Thread 0x00007f8af6aa4000 Uncommon trap: reason=bimorphic action=maybe_recompile pc=0x000000011453921c method=java.util.zip.InflaterInputStream.fill()V @ 19
Event: 34392.855 Thread 0x00007f8af6aa4000 Uncommon trap: reason=bimorphic action=maybe_recompile pc=0x000000011453921c method=java.util.zip.InflaterInputStream.fill()V @ 19
Event: 34392.855 Thread 0x00007f8af6aa4000 Uncommon trap: reason=bimorphic action=maybe_recompile pc=0x0000000111996c10 method=java.util.LinkedList.remove(Ljava/lang/Object;)Z @ 53
Event: 34393.140 Thread 0x00007f8af6aa4000 Uncommon trap: reason=bimorphic action=maybe_recompile pc=0x0000000111996c10 method=java.util.LinkedList.remove(Ljava/lang/Object;)Z @ 53
Event: 34393.439 Thread 0x00007f8af6aa4000 Uncommon trap: reason=bimorphic action=maybe_recompile pc=0x0000000111996c10 method=java.util.LinkedList.remove(Ljava/lang/Object;)Z @ 53
Event: 34501.398 Thread 0x00007f8af6aa4000 Uncommon trap: reason=speculate_class_check action=maybe_recompile pc=0x0000000115855c4c method=org.eclipse.jdt.internal.compiler.lookup.ReferenceBinding.storeAnnotationHolder(Lorg/eclipse/jdt/internal/compiler/lookup/Binding;Lorg/eclipse/jdt/internal/com
Event: 34506.525 Thread 0x00007f8af26f5000 Uncommon trap: reason=unstable_if action=reinterpret pc=0x0000000113d77d7c method=java.util.concurrent.locks.AbstractQueuedSynchronizer.shouldParkAfterFailedAcquire(Ljava/util/concurrent/locks/AbstractQueuedSynchronizer$Node;Ljava/util/concurrent/locks/Ab
Event: 34506.842 Thread 0x00007f8af26f5000 Uncommon trap: reason=class_check action=maybe_recompile pc=0x00000001155ee6cc method=com.android.dx.dex.code.form.Form35c.isCompatible(Lcom/android/dx/dex/code/DalvInsn;)Z @ 36
Event: 34520.347 Thread 0x00007f8af6aa4000 Uncommon trap: reason=speculate_class_check action=maybe_recompile pc=0x0000000115855c4c method=org.eclipse.jdt.internal.compiler.lookup.ReferenceBinding.storeAnnotationHolder(Lorg/eclipse/jdt/internal/compiler/lookup/Binding;Lorg/eclipse/jdt/internal/com

Internal exceptions (10 events):
Event: 34412.392 Thread 0x00007f8af69cc800 Implicit null exception at 0x0000000110cee3e0 to 0x0000000110cee9d8
Event: 34412.392 Thread 0x00007f8af69cc800 Exception <a 'java/lang/NullPointerException'> (0x00000007a7640870) thrown at [/Users/java_re/workspace/8-2-build-macosx-x86_64/jdk8u112/7935/hotspot/src/share/vm/runtime/sharedRuntime.cpp, line 605]
Event: 34412.411 Thread 0x00007f8af69cc800 Implicit null exception at 0x0000000110cee3e0 to 0x0000000110cee9d8
Event: 34412.412 Thread 0x00007f8af69cc800 Exception <a 'java/lang/NullPointerException'> (0x00000007a764c4b0) thrown at [/Users/java_re/workspace/8-2-build-macosx-x86_64/jdk8u112/7935/hotspot/src/share/vm/runtime/sharedRuntime.cpp, line 605]
Event: 34412.424 Thread 0x00007f8af69cc800 Implicit null exception at 0x0000000110cee3e0 to 0x0000000110cee9d8
Event: 34412.424 Thread 0x00007f8af69cc800 Exception <a 'java/lang/NullPointerException'> (0x00000007a7652b08) thrown at [/Users/java_re/workspace/8-2-build-macosx-x86_64/jdk8u112/7935/hotspot/src/share/vm/runtime/sharedRuntime.cpp, line 605]
Event: 34412.450 Thread 0x00007f8af69cc800 Implicit null exception at 0x0000000110cee3e0 to 0x0000000110cee9d8
Event: 34412.450 Thread 0x00007f8af69cc800 Exception <a 'java/lang/NullPointerException'> (0x00000007a7661268) thrown at [/Users/java_re/workspace/8-2-build-macosx-x86_64/jdk8u112/7935/hotspot/src/share/vm/runtime/sharedRuntime.cpp, line 605]
Event: 34412.467 Thread 0x00007f8af69cc800 Implicit null exception at 0x0000000110cee3e0 to 0x0000000110cee9d8
Event: 34412.467 Thread 0x00007f8af69cc800 Exception <a 'java/lang/NullPointerException'> (0x00000007a766bf28) thrown at [/Users/java_re/workspace/8-2-build-macosx-x86_64/jdk8u112/7935/hotspot/src/share/vm/runtime/sharedRuntime.cpp, line 605]

Events (10 events):
Event: 34527.003 Executing VM operation: ParallelGCFailedAllocation done
Event: 34527.099 Executing VM operation: ParallelGCFailedAllocation
Event: 34529.555 Executing VM operation: ParallelGCFailedAllocation done
Event: 34529.555 Thread 0x00007f8af71ee000 Thread added: 0x00007f8af71ee000
Event: 34529.557 Executing VM operation: RevokeBias
Event: 34529.557 Executing VM operation: RevokeBias done
Event: 34529.557 Executing VM operation: RevokeBias
Event: 34529.557 Executing VM operation: RevokeBias done
Event: 34529.558 Executing VM operation: RevokeBias
Event: 34529.558 Executing VM operation: RevokeBias done


Dynamic libraries:
0x00000000012ba000 	/System/Library/Frameworks/Cocoa.framework/Versions/A/Cocoa
0x00000000012ba000 	/System/Library/Frameworks/Security.framework/Versions/A/Security
0x00000000012ba000 	/System/Library/Frameworks/ApplicationServices.framework/Versions/A/ApplicationServices
0x00000000012ba000 	/usr/lib/libz.1.dylib
0x00000000012ba000 	/usr/lib/libSystem.B.dylib
0x00000000012ba000 	/usr/lib/libobjc.A.dylib
0x00000000012ba000 	/System/Library/Frameworks/CoreFoundation.framework/Versions/A/CoreFoundation
0x00000000012ba000 	/System/Library/Frameworks/Foundation.framework/Versions/C/Foundation
0x00000000012ba000 	/System/Library/Frameworks/AppKit.framework/Versions/C/AppKit
0x00000000012ba000 	/System/Library/Frameworks/CoreData.framework/Versions/A/CoreData
0x00000000012ba000 	/System/Library/PrivateFrameworks/RemoteViewServices.framework/Versions/A/RemoteViewServices
0x00000000012ba000 	/System/Library/PrivateFrameworks/UIFoundation.framework/Versions/A/UIFoundation
0x00000000012ba000 	/System/Library/PrivateFrameworks/DFRFoundation.framework/Versions/A/DFRFoundation
0x00000000012ba000 	/System/Library/Frameworks/Metal.framework/Versions/A/Metal
0x00000000012ba000 	/System/Library/PrivateFrameworks/DesktopServicesPriv.framework/Versions/A/DesktopServicesPriv
0x00000000012ba000 	/usr/lib/libenergytrace.dylib
0x00000000012ba000 	/System/Library/PrivateFrameworks/SkyLight.framework/Versions/A/SkyLight
0x00000000012ba000 	/System/Library/Frameworks/CoreGraphics.framework/Versions/A/CoreGraphics
0x00000000012ba000 	/usr/lib/libScreenReader.dylib
0x00000000012ba000 	/System/Library/Frameworks/Accelerate.framework/Versions/A/Accelerate
0x00000000012ba000 	/System/Library/Frameworks/IOSurface.framework/Versions/A/IOSurface
0x00000000012ba000 	/System/Library/Frameworks/AudioToolbox.framework/Versions/A/AudioToolbox
0x00000000012ba000 	/System/Library/Frameworks/AudioUnit.framework/Versions/A/AudioUnit
0x00000000012ba000 	/System/Library/PrivateFrameworks/DataDetectorsCore.framework/Versions/A/DataDetectorsCore
0x00000000012ba000 	/System/Library/Frameworks/Carbon.framework/Versions/A/Frameworks/HIToolbox.framework/Versions/A/HIToolbox
0x00000000012ba000 	/usr/lib/libicucore.A.dylib
0x00000000012ba000 	/System/Library/Frameworks/QuartzCore.framework/Versions/A/QuartzCore
0x00000000012ba000 	/System/Library/PrivateFrameworks/SignpostNotification.framework/Versions/A/SignpostNotification
0x00000000012ba000 	/System/Library/Frameworks/Carbon.framework/Versions/A/Frameworks/SpeechRecognition.framework/Versions/A/SpeechRecognition
0x00000000012ba000 	/usr/lib/libauto.dylib
0x00000000012ba000 	/usr/lib/libxml2.2.dylib
0x00000000012ba000 	/System/Library/PrivateFrameworks/CoreUI.framework/Versions/A/CoreUI
0x00000000012ba000 	/System/Library/Frameworks/CoreAudio.framework/Versions/A/CoreAudio
0x00000000012ba000 	/System/Library/Frameworks/DiskArbitration.framework/Versions/A/DiskArbitration
0x00000000012ba000 	/usr/lib/liblangid.dylib
0x00000000012ba000 	/System/Library/PrivateFrameworks/MultitouchSupport.framework/Versions/A/MultitouchSupport
0x00000000012ba000 	/System/Library/Frameworks/IOKit.framework/Versions/A/IOKit
0x00000000012ba000 	/usr/lib/libDiagnosticMessagesClient.dylib
0x00000000012ba000 	/System/Library/Frameworks/CoreServices.framework/Versions/A/CoreServices
0x00000000012ba000 	/System/Library/PrivateFrameworks/PerformanceAnalysis.framework/Versions/A/PerformanceAnalysis
0x00000000012ba000 	/System/Library/Frameworks/OpenGL.framework/Versions/A/OpenGL
0x00000000012ba000 	/System/Library/Frameworks/ColorSync.framework/Versions/A/ColorSync
0x00000000012ba000 	/System/Library/Frameworks/CoreImage.framework/Versions/A/CoreImage
0x00000000012ba000 	/System/Library/Frameworks/CoreText.framework/Versions/A/CoreText
0x00000000012ba000 	/System/Library/Frameworks/ImageIO.framework/Versions/A/ImageIO
0x00000000012ba000 	/System/Library/PrivateFrameworks/Backup.framework/Versions/A/Backup
0x00000000012ba000 	/usr/lib/libarchive.2.dylib
0x00000000012ba000 	/System/Library/Frameworks/CFNetwork.framework/Versions/A/CFNetwork
0x00000000012ba000 	/System/Library/Frameworks/SystemConfiguration.framework/Versions/A/SystemConfiguration
0x00000000012ba000 	/usr/lib/libCRFSuite.dylib
0x00000000012ba000 	/usr/lib/libc++.1.dylib
0x00000000012ba000 	/usr/lib/libc++abi.dylib
0x00000000012ba000 	/usr/lib/system/libcache.dylib
0x00000000012ba000 	/usr/lib/system/libcommonCrypto.dylib
0x00000000012ba000 	/usr/lib/system/libcompiler_rt.dylib
0x00000000012ba000 	/usr/lib/system/libcopyfile.dylib
0x00000000012ba000 	/usr/lib/system/libcorecrypto.dylib
0x00000000012ba000 	/usr/lib/system/libdispatch.dylib
0x00000000012ba000 	/usr/lib/system/libdyld.dylib
0x00000000012ba000 	/usr/lib/system/libkeymgr.dylib
0x00000000012ba000 	/usr/lib/system/liblaunch.dylib
0x00000000012ba000 	/usr/lib/system/libmacho.dylib
0x00000000012ba000 	/usr/lib/system/libquarantine.dylib
0x00000000012ba000 	/usr/lib/system/libremovefile.dylib
0x00000000012ba000 	/usr/lib/system/libsystem_asl.dylib
0x00000000012ba000 	/usr/lib/system/libsystem_blocks.dylib
0x00000000012ba000 	/usr/lib/system/libsystem_c.dylib
0x00000000012ba000 	/usr/lib/system/libsystem_configuration.dylib
0x00000000012ba000 	/usr/lib/system/libsystem_coreservices.dylib
0x00000000012ba000 	/usr/lib/system/libsystem_darwin.dylib
0x00000000012ba000 	/usr/lib/system/libsystem_dnssd.dylib
0x00000000012ba000 	/usr/lib/system/libsystem_info.dylib
0x00000000012ba000 	/usr/lib/system/libsystem_m.dylib
0x00000000012ba000 	/usr/lib/system/libsystem_malloc.dylib
0x00000000012ba000 	/usr/lib/system/libsystem_network.dylib
0x00000000012ba000 	/usr/lib/system/libsystem_networkextension.dylib
0x00000000012ba000 	/usr/lib/system/libsystem_notify.dylib
0x00000000012ba000 	/usr/lib/system/libsystem_sandbox.dylib
0x00000000012ba000 	/usr/lib/system/libsystem_secinit.dylib
0x00000000012ba000 	/usr/lib/system/libsystem_kernel.dylib
0x00000000012ba000 	/usr/lib/system/libsystem_platform.dylib
0x00000000012ba000 	/usr/lib/system/libsystem_pthread.dylib
0x00000000012ba000 	/usr/lib/system/libsystem_symptoms.dylib
0x00000000012ba000 	/usr/lib/system/libsystem_trace.dylib
0x00000000012ba000 	/usr/lib/system/libunwind.dylib
0x00000000012ba000 	/usr/lib/system/libxpc.dylib
0x00000000012ba000 	/usr/lib/closure/libclosured.dylib
0x00000000012ba000 	/usr/lib/libbsm.0.dylib
0x00000000012ba000 	/usr/lib/system/libkxld.dylib
0x00000000012ba000 	/usr/lib/libOpenScriptingUtil.dylib
0x00000000012ba000 	/usr/lib/libcoretls.dylib
0x00000000012ba000 	/usr/lib/libcoretls_cfhelpers.dylib
0x00000000012ba000 	/usr/lib/libpam.2.dylib
0x00000000012ba000 	/usr/lib/libsqlite3.dylib
0x00000000012ba000 	/usr/lib/libxar.1.dylib
0x00000000012ba000 	/usr/lib/libbz2.1.0.dylib
0x00000000012ba000 	/usr/lib/liblzma.5.dylib
0x00000000012ba000 	/usr/lib/libnetwork.dylib
0x00000000012ba000 	/usr/lib/libapple_nghttp2.dylib
0x00000000012ba000 	/usr/lib/libpcap.A.dylib
0x00000000012ba000 	/usr/lib/libboringssl.dylib
0x00000000012ba000 	/usr/lib/libusrtcp.dylib
0x00000000012ba000 	/usr/lib/libapple_crypto.dylib
0x00000000012ba000 	/System/Library/Frameworks/CoreServices.framework/Versions/A/Frameworks/FSEvents.framework/Versions/A/FSEvents
0x00000000012ba000 	/System/Library/Frameworks/CoreServices.framework/Versions/A/Frameworks/CarbonCore.framework/Versions/A/CarbonCore
0x00000000012ba000 	/System/Library/Frameworks/CoreServices.framework/Versions/A/Frameworks/Metadata.framework/Versions/A/Metadata
0x00000000012ba000 	/System/Library/Frameworks/CoreServices.framework/Versions/A/Frameworks/OSServices.framework/Versions/A/OSServices
0x00000000012ba000 	/System/Library/Frameworks/CoreServices.framework/Versions/A/Frameworks/SearchKit.framework/Versions/A/SearchKit
0x00000000012ba000 	/System/Library/Frameworks/CoreServices.framework/Versions/A/Frameworks/AE.framework/Versions/A/AE
0x00000000012ba000 	/System/Library/Frameworks/CoreServices.framework/Versions/A/Frameworks/LaunchServices.framework/Versions/A/LaunchServices
0x00000000012ba000 	/System/Library/Frameworks/CoreServices.framework/Versions/A/Frameworks/DictionaryServices.framework/Versions/A/DictionaryServices
0x00000000012ba000 	/System/Library/Frameworks/CoreServices.framework/Versions/A/Frameworks/SharedFileList.framework/Versions/A/SharedFileList
0x00000000012ba000 	/System/Library/Frameworks/NetFS.framework/Versions/A/NetFS
0x00000000012ba000 	/System/Library/PrivateFrameworks/NetAuth.framework/Versions/A/NetAuth
0x00000000012ba000 	/System/Library/PrivateFrameworks/login.framework/Versions/A/Frameworks/loginsupport.framework/Versions/A/loginsupport
0x00000000012ba000 	/System/Library/PrivateFrameworks/TCC.framework/Versions/A/TCC
0x00000000012ba000 	/usr/lib/libmecabra.dylib
0x00000000012ba000 	/System/Library/Frameworks/ApplicationServices.framework/Versions/A/Frameworks/ATS.framework/Versions/A/ATS
0x00000000012ba000 	/System/Library/Frameworks/ApplicationServices.framework/Versions/A/Frameworks/ColorSyncLegacy.framework/Versions/A/ColorSyncLegacy
0x00000000012ba000 	/System/Library/Frameworks/ApplicationServices.framework/Versions/A/Frameworks/HIServices.framework/Versions/A/HIServices
0x00000000012ba000 	/System/Library/Frameworks/ApplicationServices.framework/Versions/A/Frameworks/LangAnalysis.framework/Versions/A/LangAnalysis
0x00000000012ba000 	/System/Library/Frameworks/ApplicationServices.framework/Versions/A/Frameworks/PrintCore.framework/Versions/A/PrintCore
0x00000000012ba000 	/System/Library/Frameworks/ApplicationServices.framework/Versions/A/Frameworks/QD.framework/Versions/A/QD
0x00000000012ba000 	/System/Library/Frameworks/ApplicationServices.framework/Versions/A/Frameworks/SpeechSynthesis.framework/Versions/A/SpeechSynthesis
0x00000000012ba000 	/System/Library/Frameworks/CoreDisplay.framework/Versions/A/CoreDisplay
0x00000000012ba000 	/System/Library/Frameworks/Accelerate.framework/Versions/A/Frameworks/vImage.framework/Versions/A/vImage
0x00000000012ba000 	/System/Library/Frameworks/Accelerate.framework/Versions/A/Frameworks/vecLib.framework/Versions/A/vecLib
0x00000000012ba000 	/System/Library/Frameworks/Accelerate.framework/Versions/A/Frameworks/vecLib.framework/Versions/A/libvDSP.dylib
0x00000000012ba000 	/System/Library/Frameworks/Accelerate.framework/Versions/A/Frameworks/vecLib.framework/Versions/A/libBNNS.dylib
0x00000000012ba000 	/System/Library/Frameworks/Accelerate.framework/Versions/A/Frameworks/vecLib.framework/Versions/A/libQuadrature.dylib
0x00000000012ba000 	/System/Library/Frameworks/Accelerate.framework/Versions/A/Frameworks/vecLib.framework/Versions/A/libvMisc.dylib
0x00000000012ba000 	/System/Library/Frameworks/Accelerate.framework/Versions/A/Frameworks/vecLib.framework/Versions/A/libLAPACK.dylib
0x00000000012ba000 	/System/Library/Frameworks/Accelerate.framework/Versions/A/Frameworks/vecLib.framework/Versions/A/libBLAS.dylib
0x00000000012ba000 	/System/Library/Frameworks/Accelerate.framework/Versions/A/Frameworks/vecLib.framework/Versions/A/libLinearAlgebra.dylib
0x00000000012ba000 	/System/Library/Frameworks/Accelerate.framework/Versions/A/Frameworks/vecLib.framework/Versions/A/libSparse.dylib
0x00000000012ba000 	/System/Library/Frameworks/Accelerate.framework/Versions/A/Frameworks/vecLib.framework/Versions/A/libSparseBLAS.dylib
0x00000000012ba000 	/System/Library/PrivateFrameworks/GPUWrangler.framework/Versions/A/GPUWrangler
0x00000000012ba000 	/System/Library/PrivateFrameworks/IOAccelerator.framework/Versions/A/IOAccelerator
0x00000000012ba000 	/System/Library/PrivateFrameworks/IOPresentment.framework/Versions/A/IOPresentment
0x00000000012ba000 	/System/Library/PrivateFrameworks/DSExternalDisplay.framework/Versions/A/DSExternalDisplay
0x00000000012ba000 	/System/Library/Frameworks/OpenGL.framework/Versions/A/Libraries/libCoreFSCache.dylib
0x00000000012ba000 	/System/Library/Frameworks/CoreVideo.framework/Versions/A/CoreVideo
0x00000000012ba000 	/System/Library/PrivateFrameworks/GraphVisualizer.framework/Versions/A/GraphVisualizer
0x00000000012ba000 	/System/Library/Frameworks/MetalPerformanceShaders.framework/Versions/A/MetalPerformanceShaders
0x00000000012ba000 	/usr/lib/libFosl_dynamic.dylib
0x00000000012ba000 	/System/Library/PrivateFrameworks/FaceCore.framework/Versions/A/FaceCore
0x00000000012ba000 	/System/Library/Frameworks/OpenCL.framework/Versions/A/OpenCL
0x00000000012ba000 	/usr/lib/libcompression.dylib
0x00000000012ba000 	/System/Library/Frameworks/ApplicationServices.framework/Versions/A/Frameworks/ATS.framework/Versions/A/Resources/libFontParser.dylib
0x00000000012ba000 	/System/Library/Frameworks/ApplicationServices.framework/Versions/A/Frameworks/ATS.framework/Versions/A/Resources/libFontRegistry.dylib
0x00000000012ba000 	/System/Library/Frameworks/ImageIO.framework/Versions/A/Resources/libJPEG.dylib
0x00000000012ba000 	/System/Library/Frameworks/ImageIO.framework/Versions/A/Resources/libTIFF.dylib
0x00000000012ba000 	/System/Library/Frameworks/ImageIO.framework/Versions/A/Resources/libPng.dylib
0x00000000012ba000 	/System/Library/Frameworks/ImageIO.framework/Versions/A/Resources/libGIF.dylib
0x00000000012ba000 	/System/Library/Frameworks/ImageIO.framework/Versions/A/Resources/libJP2.dylib
0x00000000012ba000 	/System/Library/Frameworks/ImageIO.framework/Versions/A/Resources/libRadiance.dylib
0x00000000012ba000 	/System/Library/PrivateFrameworks/AppleJPEG.framework/Versions/A/AppleJPEG
0x00000000012ba000 	/System/Library/Frameworks/MetalPerformanceShaders.framework/Frameworks/MPSCore.framework/Versions/A/MPSCore
0x00000000012ba000 	/System/Library/Frameworks/MetalPerformanceShaders.framework/Frameworks/MPSImage.framework/Versions/A/MPSImage
0x00000000012ba000 	/System/Library/Frameworks/MetalPerformanceShaders.framework/Frameworks/MPSNeuralNetwork.framework/Versions/A/MPSNeuralNetwork
0x00000000012ba000 	/System/Library/Frameworks/MetalPerformanceShaders.framework/Frameworks/MPSMatrix.framework/Versions/A/MPSMatrix
0x00000000012ba000 	/System/Library/PrivateFrameworks/MetalTools.framework/Versions/A/MetalTools
0x00000000012ba000 	/System/Library/Frameworks/OpenGL.framework/Versions/A/Libraries/libGLU.dylib
0x00000000012ba000 	/System/Library/Frameworks/OpenGL.framework/Versions/A/Libraries/libGFXShared.dylib
0x00000000012ba000 	/System/Library/Frameworks/OpenGL.framework/Versions/A/Libraries/libGL.dylib
0x00000000012ba000 	/System/Library/Frameworks/OpenGL.framework/Versions/A/Libraries/libGLImage.dylib
0x00000000012ba000 	/System/Library/Frameworks/OpenGL.framework/Versions/A/Libraries/libCVMSPluginSupport.dylib
0x00000000012ba000 	/System/Library/Frameworks/OpenGL.framework/Versions/A/Libraries/libCoreVMClient.dylib
0x00000000012ba000 	/usr/lib/libcups.2.dylib
0x00000000012ba000 	/System/Library/Frameworks/Kerberos.framework/Versions/A/Kerberos
0x00000000012ba000 	/System/Library/Frameworks/GSS.framework/Versions/A/GSS
0x00000000012ba000 	/usr/lib/libresolv.9.dylib
0x00000000012ba000 	/usr/lib/libiconv.2.dylib
0x00000000012ba000 	/System/Library/PrivateFrameworks/Heimdal.framework/Versions/A/Heimdal
0x00000000012ba000 	/usr/lib/libheimdal-asn1.dylib
0x00000000012ba000 	/System/Library/Frameworks/OpenDirectory.framework/Versions/A/OpenDirectory
0x00000000012ba000 	/System/Library/PrivateFrameworks/CommonAuth.framework/Versions/A/CommonAuth
0x00000000012ba000 	/System/Library/Frameworks/OpenDirectory.framework/Versions/A/Frameworks/CFOpenDirectory.framework/Versions/A/CFOpenDirectory
0x00000000012ba000 	/System/Library/Frameworks/SecurityFoundation.framework/Versions/A/SecurityFoundation
0x00000000012ba000 	/System/Library/PrivateFrameworks/APFS.framework/Versions/A/APFS
0x00000000012ba000 	/usr/lib/libutil.dylib
0x00000000012ba000 	/System/Library/PrivateFrameworks/AppleSauce.framework/Versions/A/AppleSauce
0x00000000012ba000 	/System/Library/PrivateFrameworks/LinguisticData.framework/Versions/A/LinguisticData
0x00000000012ba000 	/usr/lib/libmarisa.dylib
0x00000000012ba000 	/System/Library/PrivateFrameworks/Lexicon.framework/Versions/A/Lexicon
0x00000000012ba000 	/usr/lib/libChineseTokenizer.dylib
0x00000000012ba000 	/usr/lib/libcmph.dylib
0x00000000012ba000 	/System/Library/PrivateFrameworks/LanguageModeling.framework/Versions/A/LanguageModeling
0x00000000012ba000 	/System/Library/PrivateFrameworks/CoreEmoji.framework/Versions/A/CoreEmoji
0x00000000012ba000 	/System/Library/Frameworks/ServiceManagement.framework/Versions/A/ServiceManagement
0x00000000012ba000 	/System/Library/PrivateFrameworks/BackgroundTaskManagement.framework/Versions/A/BackgroundTaskManagement
0x00000000012ba000 	/usr/lib/libxslt.1.dylib
0x00000000012ba000 	/System/Library/Frameworks/Carbon.framework/Versions/A/Frameworks/Ink.framework/Versions/A/Ink
0x00000000012ba000 	/System/Library/PrivateFrameworks/TextureIO.framework/Versions/A/TextureIO
0x00000000012ba000 	/usr/lib/libate.dylib
0x00000000012ba000 	/System/Library/PrivateFrameworks/CrashReporterSupport.framework/Versions/A/CrashReporterSupport
0x00000000012ba000 	/System/Library/PrivateFrameworks/Sharing.framework/Versions/A/Sharing
0x00000000012ba000 	/System/Library/PrivateFrameworks/IconServices.framework/Versions/A/IconServices
0x00000000012ba000 	/System/Library/PrivateFrameworks/AuthKit.framework/Versions/A/AuthKit
0x00000000012ba000 	/System/Library/PrivateFrameworks/Apple80211.framework/Versions/A/Apple80211
0x00000000012ba000 	/System/Library/PrivateFrameworks/CoreUtils.framework/Versions/A/CoreUtils
0x00000000012ba000 	/System/Library/Frameworks/CoreWLAN.framework/Versions/A/CoreWLAN
0x00000000012ba000 	/System/Library/Frameworks/IOBluetooth.framework/Versions/A/IOBluetooth
0x00000000012ba000 	/System/Library/PrivateFrameworks/ProtocolBuffer.framework/Versions/A/ProtocolBuffer
0x00000000012ba000 	/System/Library/PrivateFrameworks/MobileKeyBag.framework/Versions/A/MobileKeyBag
0x00000000012ba000 	/System/Library/PrivateFrameworks/CorePhoneNumbers.framework/Versions/A/CorePhoneNumbers
0x00000000012ba000 	/System/Library/PrivateFrameworks/AppleIDAuthSupport.framework/Versions/A/AppleIDAuthSupport
0x00000000012ba000 	/System/Library/PrivateFrameworks/KeychainCircle.framework/Versions/A/KeychainCircle
0x00000000012ba000 	/System/Library/PrivateFrameworks/CoreWiFi.framework/Versions/A/CoreWiFi
0x00000000012ba000 	/System/Library/Frameworks/CoreBluetooth.framework/Versions/A/CoreBluetooth
0x00000000012ba000 	/System/Library/PrivateFrameworks/DebugSymbols.framework/Versions/A/DebugSymbols
0x00000000012ba000 	/System/Library/PrivateFrameworks/CoreSymbolication.framework/Versions/A/CoreSymbolication
0x00000000012ba000 	/System/Library/PrivateFrameworks/Symbolication.framework/Versions/A/Symbolication
0x00000000012ba000 	/System/Library/PrivateFrameworks/AppleFSCompression.framework/Versions/A/AppleFSCompression
0x00000000012ba000 	/System/Library/PrivateFrameworks/SpeechRecognitionCore.framework/Versions/A/SpeechRecognitionCore
0x000000010ac00000 	/Library/Java/JavaVirtualMachines/jdk1.8.0_112.jdk/Contents/Home/jre/lib/server/libjvm.dylib
0x00000000012ba000 	/usr/lib/libstdc++.6.0.9.dylib
0x000000010a3a7000 	/Library/Java/JavaVirtualMachines/jdk1.8.0_112.jdk/Contents/Home/jre/lib/libverify.dylib
0x000000010a3b5000 	/Library/Java/JavaVirtualMachines/jdk1.8.0_112.jdk/Contents/Home/jre/lib/libjava.dylib
0x000000010a3f4000 	/Library/Java/JavaVirtualMachines/jdk1.8.0_112.jdk/Contents/Home/jre/lib/libzip.dylib
0x00000000012ba000 	/System/Library/Frameworks/JavaVM.framework/Versions/A/Frameworks/JavaRuntimeSupport.framework/Versions/A/JavaRuntimeSupport
0x00000000012ba000 	/System/Library/Frameworks/JavaVM.framework/Versions/A/Frameworks/JavaNativeFoundation.framework/Versions/A/JavaNativeFoundation
0x00000000012ba000 	/System/Library/Frameworks/JavaVM.framework/Versions/A/JavaVM
0x00000000012ba000 	/System/Library/Frameworks/Carbon.framework/Versions/A/Carbon
0x00000000012ba000 	/System/Library/PrivateFrameworks/JavaLaunching.framework/Versions/A/JavaLaunching
0x00000000012ba000 	/System/Library/Frameworks/Carbon.framework/Versions/A/Frameworks/CommonPanels.framework/Versions/A/CommonPanels
0x00000000012ba000 	/System/Library/Frameworks/Carbon.framework/Versions/A/Frameworks/Help.framework/Versions/A/Help
0x00000000012ba000 	/System/Library/Frameworks/Carbon.framework/Versions/A/Frameworks/ImageCapture.framework/Versions/A/ImageCapture
0x00000000012ba000 	/System/Library/Frameworks/Carbon.framework/Versions/A/Frameworks/OpenScripting.framework/Versions/A/OpenScripting
0x00000000012ba000 	/System/Library/Frameworks/Carbon.framework/Versions/A/Frameworks/Print.framework/Versions/A/Print
0x00000000012ba000 	/System/Library/Frameworks/Carbon.framework/Versions/A/Frameworks/SecurityHI.framework/Versions/A/SecurityHI
0x0000000110165000 	/Library/Java/JavaVirtualMachines/jdk1.8.0_112.jdk/Contents/Home/jre/lib/libnet.dylib
0x000000011017c000 	/Library/Java/JavaVirtualMachines/jdk1.8.0_112.jdk/Contents/Home/jre/lib/libnio.dylib
0x000000011018c000 	/Users/niren/.gradle/native/23/osx-amd64/libnative-platform.dylib
0x0000000123a9c000 	/Library/Java/JavaVirtualMachines/jdk1.8.0_112.jdk/Contents/Home/jre/lib/libmanagement.dylib
0x0000000123eab000 	/Library/Java/JavaVirtualMachines/jdk1.8.0_112.jdk/Contents/Home/jre/lib/libsunec.dylib
0x0000000125cc5000 	/Library/Java/JavaVirtualMachines/jdk1.8.0_112.jdk/Contents/Home/jre/lib/libawt.dylib
0x000000012683f000 	/Library/Java/JavaVirtualMachines/jdk1.8.0_112.jdk/Contents/Home/jre/lib/./libmlib_image.dylib
0x0000000127118000 	/Library/Java/JavaVirtualMachines/jdk1.8.0_112.jdk/Contents/Home/jre/lib/libawt_lwawt.dylib
0x000000012463f000 	/Library/Java/JavaVirtualMachines/jdk1.8.0_112.jdk/Contents/Home/jre/lib/./libosxapp.dylib
0x00000000012ba000 	/System/Library/Frameworks/ExceptionHandling.framework/Versions/A/ExceptionHandling
0x00000000012ba000 	/System/Library/PrivateFrameworks/CoreServicesInternal.framework/Versions/A/CoreServicesInternal
0x00000000012ba000 	/System/Library/CoreServices/RawCamera.bundle/Contents/MacOS/RawCamera
0x00000000012ba000 	/System/Library/PrivateFrameworks/MobileAsset.framework/Versions/A/MobileAsset
0x00000000012ba000 	/System/Library/PrivateFrameworks/StreamingZip.framework/Versions/A/StreamingZip
0x00000000012ba000 	/System/Library/Frameworks/MediaToolbox.framework/Versions/A/MediaToolbox
0x00000000012ba000 	/System/Library/PrivateFrameworks/CoreAVCHD.framework/Versions/A/CoreAVCHD
0x00000000012ba000 	/System/Library/Frameworks/MediaAccessibility.framework/Versions/A/MediaAccessibility
0x00000000012ba000 	/System/Library/PrivateFrameworks/Mangrove.framework/Versions/A/Mangrove
0x00000000012ba000 	/System/Library/Frameworks/CoreMedia.framework/Versions/A/CoreMedia
0x00000000012ba000 	/System/Library/Frameworks/VideoToolbox.framework/Versions/A/VideoToolbox
0x00000000012ba000 	/System/Library/PrivateFrameworks/CoreAUC.framework/Versions/A/CoreAUC
0x00000000012ba000 	/usr/lib/libspindump.dylib
0x00000000012ba000 	/System/Library/PrivateFrameworks/AppleVA.framework/Versions/A/AppleVA
0x00000000012ba000 	/System/Library/Frameworks/Accelerate.framework/Versions/A/Frameworks/vImage.framework/Versions/A/Libraries/libCGInterfaces.dylib
0x00000000012ba000 	/System/Library/Extensions/AppleIntelBDWGraphicsMTLDriver.bundle/Contents/MacOS/AppleIntelBDWGraphicsMTLDriver
0x00000000012ba000 	/System/Library/PrivateFrameworks/GPUCompiler.framework/Versions/3802/Libraries/libmetal_timestamp.dylib
0x00000000012ba000 	/System/Library/PrivateFrameworks/FamilyControls.framework/Versions/A/FamilyControls
0x00000000012ba000 	/System/Library/PrivateFrameworks/CommerceKit.framework/Versions/A/Frameworks/CommerceCore.framework/Versions/A/CommerceCore
0x00000000012ba000 	/System/Library/PrivateFrameworks/SystemAdministration.framework/Versions/A/SystemAdministration
0x00000000012ba000 	/System/Library/PrivateFrameworks/AppContainer.framework/Versions/A/AppContainer
0x00000000012ba000 	/System/Library/PrivateFrameworks/SecCodeWrapper.framework/Versions/A/SecCodeWrapper
0x00000000012ba000 	/System/Library/PrivateFrameworks/DiskManagement.framework/Versions/A/DiskManagement
0x00000000012ba000 	/System/Library/Frameworks/DirectoryService.framework/Versions/A/DirectoryService
0x00000000012ba000 	/System/Library/PrivateFrameworks/DiskImages.framework/Versions/A/DiskImages
0x00000000012ba000 	/System/Library/PrivateFrameworks/LoginUIKit.framework/Versions/A/Frameworks/LoginUICore.framework/Versions/A/LoginUICore
0x00000000012ba000 	/usr/lib/libCoreStorage.dylib
0x00000000012ba000 	/usr/lib/libcsfde.dylib
0x00000000012ba000 	/usr/lib/libodfde.dylib
0x00000000012ba000 	/System/Library/PrivateFrameworks/MediaKit.framework/Versions/A/MediaKit
0x00000000012ba000 	/System/Library/Frameworks/DiscRecording.framework/Versions/A/DiscRecording
0x00000000012ba000 	/System/Library/PrivateFrameworks/EFILogin.framework/Versions/A/EFILogin
0x00000000012ba000 	/System/Library/PrivateFrameworks/ProtectedCloudStorage.framework/Versions/A/ProtectedCloudStorage
0x00000000012ba000 	/usr/lib/libcurl.4.dylib
0x00000000012ba000 	/usr/lib/libcrypto.35.dylib
0x00000000012ba000 	/usr/lib/libssl.35.dylib
0x00000000012ba000 	/System/Library/Frameworks/LDAP.framework/Versions/A/LDAP
0x00000000012ba000 	/System/Library/PrivateFrameworks/TrustEvaluationAgent.framework/Versions/A/TrustEvaluationAgent
0x00000000012ba000 	/usr/lib/libsasl2.2.dylib
0x00000000012ba000 	/System/Library/PrivateFrameworks/CoreDaemon.framework/Versions/B/CoreDaemon
0x00000000012ba000 	/System/Library/PrivateFrameworks/AppleSRP.framework/Versions/A/AppleSRP
0x00000000012ba000 	/System/Library/PrivateFrameworks/ViewBridge.framework/Versions/A/ViewBridge
0x0000000128cc2000 	/Library/Java/JavaVirtualMachines/jdk1.8.0_112.jdk/Contents/Home/jre/lib/libfontmanager.dylib
0x00000000012ba000 	/System/Library/Frameworks/OpenGL.framework/Versions/A/Resources/GLEngine.bundle/GLEngine
0x00000000012ba000 	/System/Library/Frameworks/OpenGL.framework/Versions/A/Libraries/libGLProgrammability.dylib
0x000000012ab0f000 	/System/Library/Extensions/AppleIntelBDWGraphicsGLDriver.bundle/Contents/MacOS/AppleIntelBDWGraphicsGLDriver
0x00000000012ba000 	/System/Library/PrivateFrameworks/GPUSupport.framework/Versions/A/Libraries/libGPUSupportMercury.dylib
0x00000000012ba000 	/System/Library/Frameworks/OpenGL.framework/Versions/A/Resources/GLRendererFloat.bundle/GLRendererFloat
0x00000000012ba000 	/System/Library/Frameworks/OpenCL.framework/Versions/A/Libraries/libcldcpuengine.dylib
0x0000000124242000 	/Library/Java/JavaVirtualMachines/jdk1.8.0_112.jdk/Contents/Home/jre/lib/libosxui.dylib
0x00000000012ba000 	/System/Library/Frameworks/ApplicationServices.framework/Versions/A/Frameworks/ATS.framework/Versions/A/Resources/libTrueTypeScaler.dylib
0x00000000012ba000 	/System/Library/PrivateFrameworks/login.framework/Versions/A/login

VM Arguments:
jvm_args: -Xmx2048m -Dfile.encoding=UTF-8 -Duser.country=US -Duser.language=en -Duser.variant 
java_command: org.gradle.launcher.daemon.bootstrap.GradleDaemon 3.3
java_class_path (initial): /Users/niren/.gradle/wrapper/dists/gradle-3.3-all/55gk2rcmfc6p2dg9u9ohc3hw9/gradle-3.3/lib/gradle-launcher-3.3.jar
Launcher Type: SUN_STANDARD

Environment Variables:
JAVA_HOME=/Library/Java/JavaVirtualMachines/jdk1.8.0_112.jdk/Contents/Home
PATH=/Users/niren/Downloads/google-cloud-sdk/bin:/Users/niren/Library/Python/3.6/bin:/Library/Frameworks/Python.framework/Versions/3.5/bin:/Users/niren/.nvm/versions/node/v10.1.0/bin:/Users/niren/.rbenv/shims:/usr/local/cuda/bin:/usr/local/bin:/usr/bin:/bin:/usr/sbin:/sbin:/Users/niren/Library/Android/sdk/platform-tools/:/Users/niren/Library/Android/sdk/tools:/Users/niren/Library/Android/sdk/tools/bin
SHELL=/bin/bash

Signal Handlers:
SIGSEGV: [libjvm.dylib+0x5b11a5], sa_mask[0]=11111111011111110111111111111111, sa_flags=SA_ONSTACK|SA_RESTART|SA_SIGINFO
SIGBUS: [libjvm.dylib+0x5b11a5], sa_mask[0]=11111111011111110111111111111111, sa_flags=SA_RESTART|SA_SIGINFO
SIGFPE: [libjvm.dylib+0x487dc0], sa_mask[0]=11111111011111110111111111111111, sa_flags=SA_RESTART|SA_SIGINFO
SIGPIPE: [libjvm.dylib+0x487dc0], sa_mask[0]=11111111011111110111111111111111, sa_flags=SA_RESTART|SA_SIGINFO
SIGXFSZ: [libjvm.dylib+0x487dc0], sa_mask[0]=11111111011111110111111111111111, sa_flags=SA_RESTART|SA_SIGINFO
SIGILL: [libjvm.dylib+0x487dc0], sa_mask[0]=11111111011111110111111111111111, sa_flags=SA_RESTART|SA_SIGINFO
SIGUSR1: SIG_DFL, sa_mask[0]=00000000000000000000000000000000, sa_flags=SA_RESTART
SIGUSR2: [libjvm.dylib+0x4878de], sa_mask[0]=00100000000000000000000000000000, sa_flags=SA_RESTART|SA_SIGINFO
SIGHUP: [libjvm.dylib+0x485eb5], sa_mask[0]=11111111011111110111111111111111, sa_flags=SA_RESTART|SA_SIGINFO
SIGINT: [libjvm.dylib+0x485eb5], sa_mask[0]=11111111011111110111111111111111, sa_flags=SA_RESTART|SA_SIGINFO
SIGTERM: [libjvm.dylib+0x485eb5], sa_mask[0]=11111111011111110111111111111111, sa_flags=SA_RESTART|SA_SIGINFO
SIGQUIT: [libjvm.dylib+0x485eb5], sa_mask[0]=11111111011111110111111111111111, sa_flags=SA_RESTART|SA_SIGINFO


---------------  S Y S T E M  ---------------

OS:Bsduname:Darwin 17.7.0 Darwin Kernel Version 17.7.0: Thu Jun 28 01:19:05 PDT 2018; root:xnu-4570.71.2~8/RELEASE_X86_64 x86_64
rlimit: STACK 8192k, CORE 0k, NPROC 709, NOFILE 10240, AS infinity
load average:3.14 2.54 2.31

CPU:total 4 (2 cores per cpu, 2 threads per core) family 6 model 61 stepping 4, cmov, cx8, fxsr, mmx, sse, sse2, sse3, ssse3, sse4.1, sse4.2, popcnt, avx, avx2, aes, clmul, erms, 3dnowpref, lzcnt, ht, tsc, tscinvbit, bmi1, bmi2, adx

Memory: 4k page, physical 8388608k(114292k free)

/proc/meminfo:


vm_info: Java HotSpot(TM) 64-Bit Server VM (25.112-b16) for bsd-amd64 JRE (1.8.0_112-b16), built on Sep 30 2016 22:41:41 by "java_re" with gcc 4.2.1 (Based on Apple Inc. build 5658) (LLVM build 2336.11.00)

time: Thu Dec  6 11:56:52 2018
elapsed time: 34529 seconds (0d 9h 35m 29s)

